C51 COMPILER V9.00   DELAY                                                                 06/10/2018 13:28:51 PAGE 1   


C51 COMPILER V9.00, COMPILATION OF MODULE DELAY
OBJECT MODULE PLACED IN Delay.OBJ
COMPILER INVOKED BY: G:\software_biye\keil\C51\BIN\C51.EXE Delay.c BROWSE DEBUG OBJECTEXTEND

line level    source

   1          
   2          /***************************延时函数****************/
   3          void Delay(unsigned int t)
   4          {
   5   1        unsigned char x,y;
   6   1        for(x=t;x>0;x--)
   7   1         for(y=110;y>0;y--);
   8   1      }
   9          
  10          /**********************************************
  11             DS18B20专用延时子函数
  12          **********************************************/
  13          void DDelay(unsigned int t) 
  14          { 
  15   1              unsigned char n;
  16   1              n=0; 
  17   1              while(n<t) 
  18   1              {
  19   2                n++;
  20   2              } 
  21   1      }
  22          
  23          
  24          
  25          void Delay_x_ms(unsigned int x)
  26          {
  27   1           unsigned char i,j ;
  28   1         while(x--)
  29   1      {
  30   2         for(i=22;i>0;i--)
  31   2          for(j=10;j>0;j--);
  32   2      }
  33   1      
  34   1      }
  35          


MODULE INFORMATION:   STATIC OVERLAYABLE
   CODE SIZE        =     53    ----
   CONSTANT SIZE    =   ----    ----
   XDATA SIZE       =   ----    ----
   PDATA SIZE       =   ----    ----
   DATA SIZE        =   ----    ----
   IDATA SIZE       =   ----    ----
   BIT SIZE         =   ----    ----
END OF MODULE INFORMATION.


C51 COMPILATION COMPLETE.  0 WARNING(S),  0 ERROR(S)
