C51 COMPILER V9.00   MAIN                                                                  06/10/2018 13:28:51 PAGE 1   


C51 COMPILER V9.00, COMPILATION OF MODULE MAIN
OBJECT MODULE PLACED IN main.OBJ
COMPILER INVOKED BY: G:\software_biye\keil\C51\BIN\C51.EXE main.c BROWSE DEBUG OBJECTEXTEND

line level    source

   1          #include<reg52.h>
   2          #include"global_define.h"
   3          #include"NRF24L01.h"  
   4          #include"Delay.h"
   5          
   6          sbit LED = P2^0 ;
   7          sbit DJ = P2^6 ;
   8          
   9          unsigned int baojingzhi = 200;//默认50cm
  10          unsigned char baojing[8];
  11          unsigned char ge,shi,bai;
  12          unsigned int shuiwei ;
  13          idata unsigned char TxDate[TX_DATA_WITDH]={0,1,2,3,4,5,6,7,8,9,0,1,2,3,4,5,6,7,8,9,0,1,2,3,4,5,6,7,8,9,11,
             -12};
  14          
  15          sbit bADcs=P2^5;
  16          sbit bADcl=P2^4;
  17          sbit bADda=P2^3;
  18          unsigned char data1;
  19          unsigned char flag_1s;
  20          long    Value;
  21          unsigned char Value_buff[8];
  22          ///////////
  23          //typedef unsigned char uint8;  
  24          //unsigned int   uint16;  
  25            
  26          unsigned char Value_buff2[8];  
  27            
  28          /*void delay(uint16 n)  
  29          {  
  30              while (n--);  
  31          }  */
  32            
  33          /*波特率为9600*/  
  34          void UART_init(void)  
  35          {  
  36   1          SCON = 0x50;        //串口方式1  
  37   1        
  38   1          TMOD = 0x20;        // 定时器使用方式2自动重载  
  39   1          TH1 = 0xFD;    //9600波特率对应的预设数，定时器方式2下，TH1=TL1  
  40   1          TL1 = 0xFD;  
  41   1        
  42   1          TR1 = 1;//开启定时器，开始产生波特率  
  43   1      }  
  44            
  45          /*发送一个字符*/  
  46          void UART_send_byte(unsigned char dat)  
  47          {  
  48   1          SBUF = dat;       //把数据放到SBUF中  
  49   1          while (TI == 0);//未发送完毕就等待  
  50   1          TI = 0;    //发送完毕后，要把TI重新置0  
  51   1      }  
  52            
  53          /*发送一个字符串*/  
  54          void UART_send_string(unsigned char *buf)  
C51 COMPILER V9.00   MAIN                                                                  06/10/2018 13:28:51 PAGE 2   

  55          {  
  56   1          while (*buf != '\0')  
  57   1          {  
  58   2              UART_send_byte(*buf++);  
  59   2          }  
  60   1      }  
  61           ////////////////// 
  62          
  63          /*------------------------------------------------
  64                              定时器初始化子程序
  65          ------------------------------------------------*/
  66          void Init_Timer0(void)
  67          {
  68   1       TMOD |= 0x01;    //使用模式1，16位定时器，使用"|"符号可以在使用多个定时器时不受影响                 
  69   1       TH0=(65536-1000)/256;            //重新赋值 1ms
  70   1       TL0=(65536-1000)%256;
  71   1       EA=1;            //总中断打开
  72   1       ET0=1;           //定时器中断打开
  73   1       TR0=1;           //定时器开关打开
  74   1       PT0=1;           //优先级打开
  75   1      }
  76          long ad()//采样烟雾传感器的信号函数
  77          {  
  78   1           unsigned char i;
  79   1           //data1=0;
  80   1           bADcs = 0;//当ADC0832未工作时其CS输入端应为高电平，此时芯片禁用.
  81   1               bADcl=0;
  82   1               bADda=1;
  83   1               bADcl=1;
  84   1               bADcl=0;//i down
  85   1               bADda=1;
  86   1               bADcl=1;
  87   1               bADcl=0;       //   2 down
  88   1               bADda=0;
  89   1               bADcl=1;
  90   1               bADcl=0;       //   3 down
  91   1               bADda=1;
  92   1               bADcl=1;
  93   1               bADcl=0;       //   4 down
  94   1      
  95   1               for(i=8;i>0;i--)
  96   1                      {
  97   2                      
  98   2                      data1<<=1;
  99   2                      bADcl=0;
 100   2                      bADcl=1;
 101   2                      if(bADda==1) data1|=0x01;
 102   2                              bADda=1;
 103   2                      }
 104   1                       bADcs=1;
 105   1                      
 106   1             Value=data1*1.0/256*500;
 107   1                 
 108   1                // Value=Value*K_MG_MV;
 109   1                // Value=Value-5;
 110   1                 if(Value<0)Value=0;
 111   1                 return Value;
 112   1      }
 113          void DelayMs(uint time)
 114          {
 115   1              uint i,j;
 116   1              for(i=time;i>0;i--)
C51 COMPILER V9.00   MAIN                                                                  06/10/2018 13:28:51 PAGE 3   

 117   1                      for(j=112;j>0;j--);
 118   1      }
 119           
 120           
 121          void main()
 122          {
 123   1      //   unsigned char buff[8];
 124   1         uint num=0 ;
 125   1          unsigned int Value_1;    
 126   1          DJ = 1;
 127   1         Init_Timer0();
 128   1         NRF24L01Int();     
 129   1         RevTempDate[0] = '2';
 130   1         RevTempDate[1] = '0';
 131   1         RevTempDate[2] = '0';
 132   1         //////
 133   1         UART_init(); 
 134   1      
 135   1         while(1)
 136   1          {   
 137   2                       ad();
 138   2                       Value_1 = Value;
 139   2                       if(Value_1<baojingzhi)     //  当距离小于报警值时报警
 140   2                         DJ = 0 ;  
 141   2                       else 
 142   2                         DJ = 1;
 143   2      
 144   2                      /////
 145   2                      Value_buff2[0]=Value/100+'0';
 146   2                  Value_buff2[1]=Value/10%10+'0';
 147   2                  Value_buff2[2]=Value%10+'0';
 148   2                      Value_buff2[3]= '\0';
 149   2                      UART_send_string(Value_buff2);  
 150   2              //delay(20000);  
 151   2                      /////
 152   2                   NRFSetRXMode();//设置为接收模式
 153   2                       Delay_x_ms(20);
 154   2                       GetDate();   //开始接收数据
 155   2                       Delay_x_ms(20);
 156   2                       bai =  RevTempDate[0]-'0';             //提取百位
 157   2                       shi =  RevTempDate[1]-'0';         //提取十位
 158   2                       ge  =  RevTempDate[2]-'0';             //提取个位
 159   2                       baojingzhi = bai*100+shi*10+ge;                //计算
 160   2                      
 161   2              
 162   2      
 163   2      
 164   2                         if(flag_1s==1)         //一秒发送一次水位值
 165   2                         {
 166   3                               flag_1s = 0;
 167   3                               Value_buff[0]=Value/100+'0';
 168   3                       Value_buff[1]=Value/10%10+'0';
 169   3                       Value_buff[2]=Value%10+'0';
 170   3                               Value_buff[3]= '\0';
 171   3                               NRFSetTxMode(Value_buff);  //发送
 172   3                       while(CheckACK_RP());  //检测是否发送完毕,检测应答信号
 173   3                           Delay_x_ms(200);   
 174   3                         }
 175   2      
 176   2      
 177   2      
 178   2      
C51 COMPILER V9.00   MAIN                                                                  06/10/2018 13:28:51 PAGE 4   

 179   2               }
 180   1                       
 181   1      
 182   1      //              else num = 0;  
 183   1              
 184   1      }       
 185           /*------------------------------------------------
 186                           定时器中断子程序
 187          ------------------------------------------------*/
 188          void Timer0_isr(void) interrupt 1 
 189          {
 190   1      
 191   1       static unsigned int j;
 192   1       TH0=(65536-1000)/256;            //重新赋值 1ms
 193   1       TL0=(65536-1000)%256;
 194   1      
 195   1       j++;
 196   1       if(j>=500)
 197   1       {
 198   2       j = 0;
 199   2       LED =!LED;
 200   2       flag_1s = 1;
 201   2       }
 202   1        
 203   1      }
 204          


MODULE INFORMATION:   STATIC OVERLAYABLE
   CODE SIZE        =    577    ----
   CONSTANT SIZE    =   ----    ----
   XDATA SIZE       =   ----    ----
   PDATA SIZE       =   ----    ----
   DATA SIZE        =     39       5
   IDATA SIZE       =     32    ----
   BIT SIZE         =   ----    ----
END OF MODULE INFORMATION.


C51 COMPILATION COMPLETE.  0 WARNING(S),  0 ERROR(S)
