C51 COMPILER V9.00   UART                                                                  08/28/2011 10:28:35 PAGE 1   


C51 COMPILER V9.00, COMPILATION OF MODULE UART
OBJECT MODULE PLACED IN uart.OBJ
COMPILER INVOKED BY: D:\Program Files\keil uvision4破解版下载\C51\BIN\C51.EXE uart.c BROWSE DEBUG OBJECTEXTEND

line level    source

   1          #include<reg52.h>
   2          #include"uart.h"
   3          #include"delay.h"
   4           
   5          sbit led = P1^5;
   6          
   7          
   8          void uart_init()
   9          {
  10   1                 TMOD=0x21;    //定时器1 8位自动重装,使用高位寄存器
  11   1                 TH1=0xfd;            //设定TI的溢出率 （最大值255）  现在设定的是9600波特率
  12   1                 TL1=0xfd;   
  13   1               //  PCON=0x80;         //最高位是SMOD 当SMOD=1 时 波特率倍增，上电时为零。
  14   1                 SM0=0;SM1=1;    //8位数据  工作模式1
  15   1                 SM2=0;          //无校验  
  16   1                 TR1=1;                  //开启定时器1
  17   1                 REN=1;              //允许接收
  18   1                 RI=0;                   //接受中断标志位
  19   1                 TI=0;                   //发送中断标志位 
  20   1      }
  21          
  22          
  23          
  24          
  25          void uart( unsigned int t )
  26          { 
  27   1       
  28   1      
  29   1      /*      SCON = 0x40;  //方式1,不允许接收
  30   1              PCON = 0x80;  //波特率倍速
  31   1      
  32   1              TMOD = 0x20;  //定时器1方式2
  33   1      //      TH1 = 256 - F_OSC / 16 / 12 / F_BAUD;//12MHz 
  34   1              TH1 = 0xfd ;   //9600
  35   1              TR1 = 1;//启动定时器1
  36   1      */
  37   1      
  38   1      
  39   1               
  40   1      
  41   1                      SBUF = t ;
  42   1                      while(!TI);
  43   1                  TI = 0;//完成上一次的发送
  44   1                
  45   1                  
  46   1      }


MODULE INFORMATION:   STATIC OVERLAYABLE
   CODE SIZE        =     32    ----
   CONSTANT SIZE    =   ----    ----
   XDATA SIZE       =   ----    ----
   PDATA SIZE       =   ----    ----
   DATA SIZE        =   ----    ----
   IDATA SIZE       =   ----    ----
C51 COMPILER V9.00   UART                                                                  08/28/2011 10:28:35 PAGE 2   

   BIT SIZE         =   ----    ----
END OF MODULE INFORMATION.


C51 COMPILATION COMPLETE.  0 WARNING(S),  0 ERROR(S)
